<?xml version="1.0" encoding="UTF-8"?>
<!-- Generated by org.testng.reporters.JUnitXMLReporter -->
<testsuite ignored="0" hostname="AMD-HP-ENVY" failures="0" tests="4" name="Default test" time="153.845" errors="0" timestamp="2021-07-01T03:31:01 CDT">
  <testcase classname="REST_API.TestApi" name="peopleHeight" time="0.012"/>
  <testcase classname="REST_API.TestApi" name="peopleNameCount" time="151.997"/>
  <testcase classname="REST_API.TestApi" name="successfulResponse" time="1.757"/>
  <testcase classname="REST_API.TestApi" name="tenIndividuals" time="0.002"/>
</testsuite> <!-- Default test -->
