<?xml version="1.0" encoding="UTF-8"?>
<!-- Generated by org.testng.reporters.JUnitXMLReporter -->
<testsuite ignored="2" hostname="AMD-HP-ENVY" failures="0" tests="1" name="GRP-test-group" time="94.151" errors="0" timestamp="2021-07-02T03:27:41 CDT">
  <testcase classname="REST_API.TestApi" name="GetHeight" time="94.104"/>
  <testcase classname="REST_API.TestApi" name="peopleNameCount" time="0.0">
    <ignored/>
  </testcase> <!-- peopleNameCount -->
  <testcase classname="REST_API.TestApi" name="successfulResponse" time="0.0">
    <ignored/>
  </testcase> <!-- successfulResponse -->
</testsuite> <!-- GRP-test-group -->
