<?xml version="1.0" encoding="UTF-8"?>
<testng-results ignored="2" total="3" passed="1" failed="0" skipped="0">
  <reporter-output>
  </reporter-output>
  <suite started-at="2021-07-02T03:26:06 CDT" name="CucumberJava by groups" finished-at="2021-07-02T03:27:40 CDT" duration-ms="94151">
    <groups>
      <group name="test-group">
        <method signature="TestApi.GetHeight()[pri:0, instance:REST_API.TestApi@1cbb87f3]" name="GetHeight" class="REST_API.TestApi"/>
      </group> <!-- test-group -->
    </groups>
    <test started-at="2021-07-02T03:26:06 CDT" name="GRP-test-group" finished-at="2021-07-02T03:27:40 CDT" duration-ms="94151">
      <class name="REST_API.TestApi">
        <test-method signature="GetHeight()[pri:0, instance:REST_API.TestApi@1cbb87f3]" started-at="2021-07-02T03:26:06 CDT" name="GetHeight" finished-at="2021-07-02T03:27:40 CDT" duration-ms="94104" status="PASS">
          <reporter-output>
          </reporter-output>
        </test-method> <!-- GetHeight -->
      </class> <!-- REST_API.TestApi -->
    </test> <!-- GRP-test-group -->
  </suite> <!-- CucumberJava by groups -->
</testng-results>
