<?xml version="1.0" encoding="UTF-8"?>
<testng-results ignored="0" total="4" passed="4" failed="0" skipped="0">
  <reporter-output>
  </reporter-output>
  <suite started-at="2021-07-01T03:28:27 CDT" name="Default suite" finished-at="2021-07-01T03:31:01 CDT" duration-ms="153845">
    <groups>
    </groups>
    <test started-at="2021-07-01T03:28:27 CDT" name="Default test" finished-at="2021-07-01T03:31:01 CDT" duration-ms="153845">
      <class name="REST_API.TestApi">
        <test-method signature="peopleHeight()[pri:0, instance:REST_API.TestApi@5fd4f8f5]" started-at="2021-07-01T03:28:27 CDT" name="peopleHeight" finished-at="2021-07-01T03:28:27 CDT" duration-ms="12" status="PASS">
          <reporter-output>
          </reporter-output>
        </test-method> <!-- peopleHeight -->
        <test-method signature="peopleNameCount()[pri:0, instance:REST_API.TestApi@5fd4f8f5]" started-at="2021-07-01T03:28:27 CDT" name="peopleNameCount" finished-at="2021-07-01T03:30:59 CDT" duration-ms="151997" status="PASS">
          <reporter-output>
          </reporter-output>
        </test-method> <!-- peopleNameCount -->
        <test-method signature="successfulResponse()[pri:0, instance:REST_API.TestApi@5fd4f8f5]" started-at="2021-07-01T03:30:59 CDT" name="successfulResponse" finished-at="2021-07-01T03:31:01 CDT" duration-ms="1757" status="PASS">
          <reporter-output>
          </reporter-output>
        </test-method> <!-- successfulResponse -->
        <test-method signature="tenIndividuals()[pri:0, instance:REST_API.TestApi@5fd4f8f5]" started-at="2021-07-01T03:31:01 CDT" name="tenIndividuals" finished-at="2021-07-01T03:31:01 CDT" duration-ms="2" status="PASS">
          <reporter-output>
          </reporter-output>
        </test-method> <!-- tenIndividuals -->
      </class> <!-- REST_API.TestApi -->
    </test> <!-- Default test -->
  </suite> <!-- Default suite -->
</testng-results>
